Using pre-set license
Built from '2022.3/staging' branch; Version is '2022.3.33f1 (b2c853adf198) revision 11716691'; Using compiler version '192829333'; Build Type 'Release'
OS: 'Windows 11  (10.0.22631) 64bit Core' Language: 'fr' Physical Memory: 15791 MB
BatchMode: 1, IsHumanControllingUs: 0, StartBugReporterOnCrash: 0, Is64bit: 1, IsPro: 1

COMMAND LINE ARGUMENTS:
C:\Program Files\Unity\Hub\Editor\2022.3.33f1\Editor\Unity.exe
-adb2
-batchMode
-noUpm
-name
AssetImportWorker2
-projectPath
C:/Users/Utilisateur1/Documents/Projets/SometimeThereIsAcat-/SometimeThereIsAcat
-logFile
Logs/AssetImportWorker2.log
-srvPort
52559
Successfully changed project path to: C:/Users/Utilisateur1/Documents/Projets/SometimeThereIsAcat-/SometimeThereIsAcat
C:/Users/Utilisateur1/Documents/Projets/SometimeThereIsAcat-/SometimeThereIsAcat
[UnityMemory] Configuration Parameters - Can be set up in boot.config
    "memorysetup-bucket-allocator-granularity=16"
    "memorysetup-bucket-allocator-bucket-count=8"
    "memorysetup-bucket-allocator-block-size=33554432"
    "memorysetup-bucket-allocator-block-count=8"
    "memorysetup-main-allocator-block-size=16777216"
    "memorysetup-thread-allocator-block-size=16777216"
    "memorysetup-gfx-main-allocator-block-size=16777216"
    "memorysetup-gfx-thread-allocator-block-size=16777216"
    "memorysetup-cache-allocator-block-size=4194304"
    "memorysetup-typetree-allocator-block-size=2097152"
    "memorysetup-profiler-bucket-allocator-granularity=16"
    "memorysetup-profiler-bucket-allocator-bucket-count=8"
    "memorysetup-profiler-bucket-allocator-block-size=33554432"
    "memorysetup-profiler-bucket-allocator-block-count=8"
    "memorysetup-profiler-allocator-block-size=16777216"
    "memorysetup-profiler-editor-allocator-block-size=1048576"
    "memorysetup-temp-allocator-size-main=16777216"
    "memorysetup-job-temp-allocator-block-size=2097152"
    "memorysetup-job-temp-allocator-block-size-background=1048576"
    "memorysetup-job-temp-allocator-reduction-small-platforms=262144"
    "memorysetup-allocator-temp-initial-block-size-main=262144"
    "memorysetup-allocator-temp-initial-block-size-worker=262144"
    "memorysetup-temp-allocator-size-background-worker=32768"
    "memorysetup-temp-allocator-size-job-worker=262144"
    "memorysetup-temp-allocator-size-preload-manager=33554432"
    "memorysetup-temp-allocator-size-nav-mesh-worker=65536"
    "memorysetup-temp-allocator-size-audio-worker=65536"
    "memorysetup-temp-allocator-size-cloud-worker=32768"
    "memorysetup-temp-allocator-size-gi-baking-worker=262144"
    "memorysetup-temp-allocator-size-gfx=262144"
Player connection [12648] Host "[IP] 172.31.48.1 [Port] 0 [Flags] 2 [Guid] 1701859380 [EditorId] 1701859380 [Version] 1048832 [Id] WindowsEditor(7,LAPTOP-19K9AKIU) [Debug] 1 [PackageName] WindowsEditor [ProjectName] Editor" joined multi-casting on [225.0.0.222:54997]...

Player connection [12648] Host "[IP] 172.31.48.1 [Port] 0 [Flags] 2 [Guid] 1701859380 [EditorId] 1701859380 [Version] 1048832 [Id] WindowsEditor(7,LAPTOP-19K9AKIU) [Debug] 1 [PackageName] WindowsEditor [ProjectName] Editor" joined alternative multi-casting on [225.0.0.222:34997]...

[PhysX] Initialized MultithreadedTaskDispatcher with 16 workers.
Refreshing native plugins compatible for Editor in 12.76 ms, found 3 plugins.
Preloading 0 native plugins for Editor in 0.00 ms.
Initialize engine version: 2022.3.33f1 (b2c853adf198)
[Subsystems] Discovering subsystems at path C:/Program Files/Unity/Hub/Editor/2022.3.33f1/Editor/Data/Resources/UnitySubsystems
[Subsystems] Discovering subsystems at path C:/Users/Utilisateur1/Documents/Projets/SometimeThereIsAcat-/SometimeThereIsAcat/Assets
GfxDevice: creating device client; threaded=0; jobified=0
Direct3D:
    Version:  Direct3D 11.0 [level 11.1]
    Renderer: NVIDIA GeForce RTX 3060 Laptop GPU (ID=0x2520)
    Vendor:   NVIDIA
    VRAM:     5996 MB
    Driver:   31.0.15.5212
Initialize mono
Mono path[0] = 'C:/Program Files/Unity/Hub/Editor/2022.3.33f1/Editor/Data/Managed'
Mono path[1] = 'C:/Program Files/Unity/Hub/Editor/2022.3.33f1/Editor/Data/MonoBleedingEdge/lib/mono/unityjit-win32'
Mono config path = 'C:/Program Files/Unity/Hub/Editor/2022.3.33f1/Editor/Data/MonoBleedingEdge/etc'
Using monoOptions --debugger-agent=transport=dt_socket,embedding=1,server=y,suspend=n,address=127.0.0.1:56304
Begin MonoManager ReloadAssembly
Registering precompiled unity dll's ...
Register platform support module: C:/Program Files/Unity/Hub/Editor/2022.3.33f1/Editor/Data/PlaybackEngines/WindowsStandaloneSupport/UnityEditor.WindowsStandalone.Extensions.dll
Registered in 0.007183 seconds.
- Loaded All Assemblies, in  0.426 seconds
Native extension for WindowsStandalone target not found
Mono: successfully reloaded assembly
- Finished resetting the current domain, in  0.321 seconds
Domain Reload Profiling: 745ms
	BeginReloadAssembly (143ms)
		ExecutionOrderSort (0ms)
		DisableScriptedObjects (0ms)
		BackupInstance (0ms)
		ReleaseScriptingObjects (0ms)
		CreateAndSetChildDomain (1ms)
	RebuildCommonClasses (38ms)
	RebuildNativeTypeToScriptingClass (11ms)
	initialDomainReloadingComplete (70ms)
	LoadAllAssembliesAndSetupDomain (160ms)
		LoadAssemblies (140ms)
		RebuildTransferFunctionScriptingTraits (0ms)
		AnalyzeDomain (158ms)
			TypeCache.Refresh (156ms)
				TypeCache.ScanAssembly (141ms)
			ScanForSourceGeneratedMonoScriptInfo (1ms)
			ResolveRequiredComponents (1ms)
	FinalizeReload (322ms)
		ReleaseScriptCaches (0ms)
		RebuildScriptCaches (0ms)
		SetupLoadedEditorAssemblies (245ms)
			LogAssemblyErrors (0ms)
			InitializePlatformSupportModulesInManaged (15ms)
			SetLoadedEditorAssemblies (10ms)
			RefreshPlugins (0ms)
			BeforeProcessingInitializeOnLoad (3ms)
			ProcessInitializeOnLoadAttributes (177ms)
			ProcessInitializeOnLoadMethodAttributes (40ms)
			AfterProcessingInitializeOnLoad (0ms)
			EditorAssembliesLoaded (0ms)
		ExecutionOrderSort2 (0ms)
		AwakeInstancesAfterBackupRestoration (0ms)
========================================================================
Worker process is ready to serve import requests
Begin MonoManager ReloadAssembly
- Loaded All Assemblies, in  0.848 seconds
Refreshing native plugins compatible for Editor in 5.29 ms, found 3 plugins.
Native extension for WindowsStandalone target not found
Package Manager log level set to [2]
[Package Manager] Server::EnsureServerProcessIsRunning -- launch failed, reason: Unity was launched with the -noUpm command-line argument
[Package Manager] UpmClient::Send -- Unable to send message (not connected to UPM process).
[Package Manager] Cannot connect to Unity Package Manager local server
Mono: successfully reloaded assembly
- Finished resetting the current domain, in  0.742 seconds
Domain Reload Profiling: 1587ms
	BeginReloadAssembly (174ms)
		ExecutionOrderSort (0ms)
		DisableScriptedObjects (5ms)
		BackupInstance (0ms)
		ReleaseScriptingObjects (0ms)
		CreateAndSetChildDomain (30ms)
	RebuildCommonClasses (45ms)
	RebuildNativeTypeToScriptingClass (12ms)
	initialDomainReloadingComplete (52ms)
	LoadAllAssembliesAndSetupDomain (562ms)
		LoadAssemblies (451ms)
		RebuildTransferFunctionScriptingTraits (0ms)
		AnalyzeDomain (221ms)
			TypeCache.Refresh (201ms)
				TypeCache.ScanAssembly (183ms)
			ScanForSourceGeneratedMonoScriptInfo (13ms)
			ResolveRequiredComponents (4ms)
	FinalizeReload (742ms)
		ReleaseScriptCaches (0ms)
		RebuildScriptCaches (0ms)
		SetupLoadedEditorAssemblies (609ms)
			LogAssemblyErrors (0ms)
			InitializePlatformSupportModulesInManaged (6ms)
			SetLoadedEditorAssemblies (4ms)
			RefreshPlugins (0ms)
			BeforeProcessingInitializeOnLoad (78ms)
			ProcessInitializeOnLoadAttributes (490ms)
			ProcessInitializeOnLoadMethodAttributes (23ms)
			AfterProcessingInitializeOnLoad (8ms)
			EditorAssembliesLoaded (0ms)
		ExecutionOrderSort2 (0ms)
		AwakeInstancesAfterBackupRestoration (7ms)
Launched and connected shader compiler UnityShaderCompiler.exe after 0.05 seconds
Refreshing native plugins compatible for Editor in 4.70 ms, found 3 plugins.
Preloading 0 native plugins for Editor in 0.00 ms.
Unloading 3095 Unused Serialized files (Serialized files now loaded: 0)
Unloading 33 unused Assets / (57.6 KB). Loaded Objects now: 3555.
Memory consumption went from 121.7 MB to 121.7 MB.
Total: 4.205100 ms (FindLiveObjects: 0.450800 ms CreateObjectMapping: 0.322200 ms MarkObjects: 3.285100 ms  DeleteObjects: 0.144600 ms)

AssetImportParameters requested are different than current active one (requested -> active):
  custom:container-demuxer-ogg: 62fdf1f143b41e24485cea50d1cbac27 -> 
  custom:video-codec-MediaFoundation-h265: 746d11721c4dcdbdad8f713fa42b33f4 -> 
  custom:video-decoder-ogg-theora: a1e56fd34408186e4bbccfd4996cb3dc -> 
  custom:framework-win-MediaFoundation: 216162199b28c13a410421893ffa2e32 -> 
  custom:CustomObjectIndexerAttribute: 9a22284fe3817be447336de3de66b15e -> 
  custom:container-demuxer-webm: 4f35f7cbe854078d1ac9338744f61a02 -> 
  custom:container-muxer-webm: aa71ff27fc2769a1b78a27578f13a17b -> 
  custom:video-decoder-webm-vp8: 9c59270c3fd7afecdb556c50c9e8de78 -> 
  custom:SearchIndexIgnoredProperties: e643bd26f0fe6173181afceb89e7c659 -> 
  custom:AudioImporter_EditorPlatform: d09bf68614088b80899f8185d706f6e7 -> 
  custom:video-encoder-webm-vp8: eb34c28f22e8b96e1ab97ce403110664 -> 
  custom:audio-decoder-ogg-vorbis: bf7c407c2cedff20999df2af8eb42d56 -> 
  custom:audio-encoder-webm-vorbis: bf7c407c2cedff20999df2af8eb42d56 -> 
========================================================================
Received Import Request.
  Time since last request: 6148.719805 seconds.
  path: Assets/Asset/VNB Low Poly Home Set/FBX/Separated/Toilet Ac1.fbx
  artifactKey: Guid(c7aca5f5790a5e742ac6aa943022b03e) Importer(815301076,1909f56bfc062723c751e8b465ee728b)
Start importing Assets/Asset/VNB Low Poly Home Set/FBX/Separated/Toilet Ac1.fbx using Guid(c7aca5f5790a5e742ac6aa943022b03e) Importer(815301076,1909f56bfc062723c751e8b465ee728b) [PhysX] Initialized MultithreadedTaskDispatcher with 16 workers.
[PhysX] Initialized MultithreadedTaskDispatcher with 16 workers.
[PhysX] Initialized MultithreadedTaskDispatcher with 16 workers.
[PhysX] Initialized MultithreadedTaskDispatcher with 16 workers.
 -> (artifact id: 'af633785c8f6447a27499d4b7142b4e4') in 0.167772 seconds
Number of updated asset objects reloaded before import = 0
Number of asset objects unloaded after import = 9
========================================================================
Received Import Request.
  Time since last request: 0.000088 seconds.
  path: Assets/Asset/VNB Low Poly Home Set/FBX/Separated/Table Lamp 1.fbx
  artifactKey: Guid(7dc532f89db43fd4a8dce585478e98e6) Importer(815301076,1909f56bfc062723c751e8b465ee728b)
Start importing Assets/Asset/VNB Low Poly Home Set/FBX/Separated/Table Lamp 1.fbx using Guid(7dc532f89db43fd4a8dce585478e98e6) Importer(815301076,1909f56bfc062723c751e8b465ee728b) [PhysX] Initialized MultithreadedTaskDispatcher with 16 workers.
[PhysX] Initialized MultithreadedTaskDispatcher with 16 workers.
[PhysX] Initialized MultithreadedTaskDispatcher with 16 workers.
[PhysX] Initialized MultithreadedTaskDispatcher with 16 workers.
 -> (artifact id: '1631a632010a439efd78f7d070f5b8b6') in 0.029153 seconds
Number of updated asset objects reloaded before import = 0
Number of asset objects unloaded after import = 9
========================================================================
Received Import Request.
  Time since last request: 0.000035 seconds.
  path: Assets/Asset/VNB Low Poly Home Set/FBX/Separated/Table Lamp 2.fbx
  artifactKey: Guid(1073fc4c491eab8409dca1952694e376) Importer(815301076,1909f56bfc062723c751e8b465ee728b)
Start importing Assets/Asset/VNB Low Poly Home Set/FBX/Separated/Table Lamp 2.fbx using Guid(1073fc4c491eab8409dca1952694e376) Importer(815301076,1909f56bfc062723c751e8b465ee728b) [PhysX] Initialized MultithreadedTaskDispatcher with 16 workers.
[PhysX] Initialized MultithreadedTaskDispatcher with 16 workers.
[PhysX] Initialized MultithreadedTaskDispatcher with 16 workers.
[PhysX] Initialized MultithreadedTaskDispatcher with 16 workers.
 -> (artifact id: 'b986c68a8395bc239c380d23505b718a') in 0.032172 seconds
Number of updated asset objects reloaded before import = 0
Number of asset objects unloaded after import = 9
========================================================================
Received Import Request.
  Time since last request: 0.000028 seconds.
  path: Assets/Asset/VNB Low Poly Home Set/FBX/Separated/Stool.fbx
  artifactKey: Guid(605011e02440b13419a927aba7204a7b) Importer(815301076,1909f56bfc062723c751e8b465ee728b)
Start importing Assets/Asset/VNB Low Poly Home Set/FBX/Separated/Stool.fbx using Guid(605011e02440b13419a927aba7204a7b) Importer(815301076,1909f56bfc062723c751e8b465ee728b) [PhysX] Initialized MultithreadedTaskDispatcher with 16 workers.
[PhysX] Initialized MultithreadedTaskDispatcher with 16 workers.
[PhysX] Initialized MultithreadedTaskDispatcher with 16 workers.
[PhysX] Initialized MultithreadedTaskDispatcher with 16 workers.
 -> (artifact id: 'c2d2bcf1159b44ed9c32ebd85907ac7b') in 0.028347 seconds
Number of updated asset objects reloaded before import = 0
Number of asset objects unloaded after import = 9
========================================================================
Received Import Request.
  Time since last request: 0.000028 seconds.
  path: Assets/Asset/VNB Low Poly Home Set/FBX/Separated/Stray 2.fbx
  artifactKey: Guid(c2eb7534257973d4999dc1b1d778db10) Importer(815301076,1909f56bfc062723c751e8b465ee728b)
Start importing Assets/Asset/VNB Low Poly Home Set/FBX/Separated/Stray 2.fbx using Guid(c2eb7534257973d4999dc1b1d778db10) Importer(815301076,1909f56bfc062723c751e8b465ee728b) [PhysX] Initialized MultithreadedTaskDispatcher with 16 workers.
[PhysX] Initialized MultithreadedTaskDispatcher with 16 workers.
[PhysX] Initialized MultithreadedTaskDispatcher with 16 workers.
[PhysX] Initialized MultithreadedTaskDispatcher with 16 workers.
 -> (artifact id: 'f9c9edb5248a01dbea6d492a07c777bf') in 0.027569 seconds
Number of updated asset objects reloaded before import = 0
Number of asset objects unloaded after import = 9
========================================================================
Received Import Request.
  Time since last request: 0.434476 seconds.
  path: Assets/Asset/VNB Low Poly Home Set/FBX/Separated/Toilet Paper Base.fbx
  artifactKey: Guid(dc569ebdc540dc24788fb25eeb1d1d9e) Importer(815301076,1909f56bfc062723c751e8b465ee728b)
Start importing Assets/Asset/VNB Low Poly Home Set/FBX/Separated/Toilet Paper Base.fbx using Guid(dc569ebdc540dc24788fb25eeb1d1d9e) Importer(815301076,1909f56bfc062723c751e8b465ee728b) [PhysX] Initialized MultithreadedTaskDispatcher with 16 workers.
[PhysX] Initialized MultithreadedTaskDispatcher with 16 workers.
[PhysX] Initialized MultithreadedTaskDispatcher with 16 workers.
[PhysX] Initialized MultithreadedTaskDispatcher with 16 workers.
 -> (artifact id: 'c122e52f474b7defb58b651cf6e2cb01') in 0.027720 seconds
Number of updated asset objects reloaded before import = 0
Number of asset objects unloaded after import = 9
========================================================================
Received Import Request.
  Time since last request: 0.000025 seconds.
  path: Assets/Asset/VNB Low Poly Home Set/FBX/Separated/Toy Figure 4.fbx
  artifactKey: Guid(a07ea176934e4e543b2b8b74deb977a4) Importer(815301076,1909f56bfc062723c751e8b465ee728b)
Start importing Assets/Asset/VNB Low Poly Home Set/FBX/Separated/Toy Figure 4.fbx using Guid(a07ea176934e4e543b2b8b74deb977a4) Importer(815301076,1909f56bfc062723c751e8b465ee728b) [PhysX] Initialized MultithreadedTaskDispatcher with 16 workers.
[PhysX] Initialized MultithreadedTaskDispatcher with 16 workers.
[PhysX] Initialized MultithreadedTaskDispatcher with 16 workers.
[PhysX] Initialized MultithreadedTaskDispatcher with 16 workers.
 -> (artifact id: '186a318210e7a9d89a5419b911d66409') in 0.027465 seconds
Number of updated asset objects reloaded before import = 0
Number of asset objects unloaded after import = 9
========================================================================
Received Import Request.
  Time since last request: 0.000040 seconds.
  path: Assets/Asset/VNB Low Poly Home Set/FBX/Separated/Wall Standard 1x3.fbx
  artifactKey: Guid(e0aebdd51194f5c4ea30e2aca5bb6fe4) Importer(815301076,1909f56bfc062723c751e8b465ee728b)
Start importing Assets/Asset/VNB Low Poly Home Set/FBX/Separated/Wall Standard 1x3.fbx using Guid(e0aebdd51194f5c4ea30e2aca5bb6fe4) Importer(815301076,1909f56bfc062723c751e8b465ee728b) [PhysX] Initialized MultithreadedTaskDispatcher with 16 workers.
[PhysX] Initialized MultithreadedTaskDispatcher with 16 workers.
[PhysX] Initialized MultithreadedTaskDispatcher with 16 workers.
[PhysX] Initialized MultithreadedTaskDispatcher with 16 workers.
[PhysX] Initialized MultithreadedTaskDispatcher with 16 workers.
 -> (artifact id: '267beacfa414133c8f2bf9951157d86a') in 0.034891 seconds
Number of updated asset objects reloaded before import = 0
Number of asset objects unloaded after import = 11
========================================================================
Received Import Request.
  Time since last request: 0.000029 seconds.
  path: Assets/Asset/VNB Low Poly Home Set/FBX/Separated/Wall Standard Roof 1x3.fbx
  artifactKey: Guid(8a9043a855d56d545be350ba2e5bdf6b) Importer(815301076,1909f56bfc062723c751e8b465ee728b)
Start importing Assets/Asset/VNB Low Poly Home Set/FBX/Separated/Wall Standard Roof 1x3.fbx using Guid(8a9043a855d56d545be350ba2e5bdf6b) Importer(815301076,1909f56bfc062723c751e8b465ee728b) [PhysX] Initialized MultithreadedTaskDispatcher with 16 workers.
[PhysX] Initialized MultithreadedTaskDispatcher with 16 workers.
[PhysX] Initialized MultithreadedTaskDispatcher with 16 workers.
[PhysX] Initialized MultithreadedTaskDispatcher with 16 workers.
[PhysX] Initialized MultithreadedTaskDispatcher with 16 workers.
 -> (artifact id: 'd22be257b7e8620f66f53c694d47a1b3') in 0.038122 seconds
Number of updated asset objects reloaded before import = 0
Number of asset objects unloaded after import = 11
========================================================================
Received Import Request.
  Time since last request: 0.000035 seconds.
  path: Assets/Asset/VNB Low Poly Home Set/FBX/Separated/TV 1.fbx
  artifactKey: Guid(b49634c625b37b74ea897a1817662ff8) Importer(815301076,1909f56bfc062723c751e8b465ee728b)
Start importing Assets/Asset/VNB Low Poly Home Set/FBX/Separated/TV 1.fbx using Guid(b49634c625b37b74ea897a1817662ff8) Importer(815301076,1909f56bfc062723c751e8b465ee728b) [PhysX] Initialized MultithreadedTaskDispatcher with 16 workers.
[PhysX] Initialized MultithreadedTaskDispatcher with 16 workers.
[PhysX] Initialized MultithreadedTaskDispatcher with 16 workers.
[PhysX] Initialized MultithreadedTaskDispatcher with 16 workers.
[PhysX] Initialized MultithreadedTaskDispatcher with 16 workers.
 -> (artifact id: '047c2f1c99cf4848cbc368187d587a95') in 0.037669 seconds
Number of updated asset objects reloaded before import = 0
Number of asset objects unloaded after import = 11
========================================================================
Received Import Request.
  Time since last request: 0.000020 seconds.
  path: Assets/Asset/VNB Low Poly Home Set/FBX/Separated/Toy Car 1.fbx
  artifactKey: Guid(2af6b559bbf89c04e9bda1f9374c9841) Importer(815301076,1909f56bfc062723c751e8b465ee728b)
Start importing Assets/Asset/VNB Low Poly Home Set/FBX/Separated/Toy Car 1.fbx using Guid(2af6b559bbf89c04e9bda1f9374c9841) Importer(815301076,1909f56bfc062723c751e8b465ee728b) [PhysX] Initialized MultithreadedTaskDispatcher with 16 workers.
[PhysX] Initialized MultithreadedTaskDispatcher with 16 workers.
[PhysX] Initialized MultithreadedTaskDispatcher with 16 workers.
[PhysX] Initialized MultithreadedTaskDispatcher with 16 workers.
 -> (artifact id: '91302c2322b2be98e3b8a0f2ab629605') in 0.027770 seconds
Number of updated asset objects reloaded before import = 0
Number of asset objects unloaded after import = 9
========================================================================
Received Import Request.
  Time since last request: 0.000030 seconds.
  path: Assets/Asset/VNB Low Poly Home Set/FBX/Separated/Wall Column 2.fbx
  artifactKey: Guid(d15e6320415c765409173946cc7b3b7c) Importer(815301076,1909f56bfc062723c751e8b465ee728b)
Start importing Assets/Asset/VNB Low Poly Home Set/FBX/Separated/Wall Column 2.fbx using Guid(d15e6320415c765409173946cc7b3b7c) Importer(815301076,1909f56bfc062723c751e8b465ee728b) [PhysX] Initialized MultithreadedTaskDispatcher with 16 workers.
[PhysX] Initialized MultithreadedTaskDispatcher with 16 workers.
[PhysX] Initialized MultithreadedTaskDispatcher with 16 workers.
[PhysX] Initialized MultithreadedTaskDispatcher with 16 workers.
 -> (artifact id: '2631a92a4aa099bc2b61e1bf1801f049') in 0.032137 seconds
Number of updated asset objects reloaded before import = 0
Number of asset objects unloaded after import = 9
========================================================================
Received Import Request.
  Time since last request: 0.000026 seconds.
  path: Assets/Asset/VNB Low Poly Home Set/FBX/Separated/Wall Standard 1x3 Corner.fbx
  artifactKey: Guid(f8fc133671804f94f88d61898cc6232a) Importer(815301076,1909f56bfc062723c751e8b465ee728b)
Start importing Assets/Asset/VNB Low Poly Home Set/FBX/Separated/Wall Standard 1x3 Corner.fbx using Guid(f8fc133671804f94f88d61898cc6232a) Importer(815301076,1909f56bfc062723c751e8b465ee728b) [PhysX] Initialized MultithreadedTaskDispatcher with 16 workers.
[PhysX] Initialized MultithreadedTaskDispatcher with 16 workers.
[PhysX] Initialized MultithreadedTaskDispatcher with 16 workers.
[PhysX] Initialized MultithreadedTaskDispatcher with 16 workers.
[PhysX] Initialized MultithreadedTaskDispatcher with 16 workers.
 -> (artifact id: '318727588ccb20fe8f48e1e0b4106a46') in 0.035220 seconds
Number of updated asset objects reloaded before import = 0
Number of asset objects unloaded after import = 11
========================================================================
Received Import Request.
  Time since last request: 0.000021 seconds.
  path: Assets/Asset/VNB Low Poly Home Set/FBX/Separated/TV 2 Curved Wall-mounted.fbx
  artifactKey: Guid(b57708fcbf5c63f46858de32040ab064) Importer(815301076,1909f56bfc062723c751e8b465ee728b)
Start importing Assets/Asset/VNB Low Poly Home Set/FBX/Separated/TV 2 Curved Wall-mounted.fbx using Guid(b57708fcbf5c63f46858de32040ab064) Importer(815301076,1909f56bfc062723c751e8b465ee728b) [PhysX] Initialized MultithreadedTaskDispatcher with 16 workers.
[PhysX] Initialized MultithreadedTaskDispatcher with 16 workers.
[PhysX] Initialized MultithreadedTaskDispatcher with 16 workers.
[PhysX] Initialized MultithreadedTaskDispatcher with 16 workers.
[PhysX] Initialized MultithreadedTaskDispatcher with 16 workers.
 -> (artifact id: 'e4ecda9b912e9b73fb27b073f6d44513') in 0.031245 seconds
Number of updated asset objects reloaded before import = 0
Number of asset objects unloaded after import = 11
========================================================================
Received Import Request.
  Time since last request: 0.000021 seconds.
  path: Assets/Asset/VNB Low Poly Home Set/FBX/Separated/Wall Standard 1x3 X.fbx
  artifactKey: Guid(67771863aa2d08540b298fab870fccf2) Importer(815301076,1909f56bfc062723c751e8b465ee728b)
Start importing Assets/Asset/VNB Low Poly Home Set/FBX/Separated/Wall Standard 1x3 X.fbx using Guid(67771863aa2d08540b298fab870fccf2) Importer(815301076,1909f56bfc062723c751e8b465ee728b) [PhysX] Initialized MultithreadedTaskDispatcher with 16 workers.
[PhysX] Initialized MultithreadedTaskDispatcher with 16 workers.
[PhysX] Initialized MultithreadedTaskDispatcher with 16 workers.
[PhysX] Initialized MultithreadedTaskDispatcher with 16 workers.
 -> (artifact id: '75244bdf3742b93500a1531483fe2be4') in 0.025060 seconds
Number of updated asset objects reloaded before import = 0
Number of asset objects unloaded after import = 9
========================================================================
Received Import Request.
  Time since last request: 0.000028 seconds.
  path: Assets/Asset/VNB Low Poly Home Set/FBX/Separated/Towel Pile.fbx
  artifactKey: Guid(7a74a27ec361f504b81529c57501e14e) Importer(815301076,1909f56bfc062723c751e8b465ee728b)
Start importing Assets/Asset/VNB Low Poly Home Set/FBX/Separated/Towel Pile.fbx using Guid(7a74a27ec361f504b81529c57501e14e) Importer(815301076,1909f56bfc062723c751e8b465ee728b) [PhysX] Initialized MultithreadedTaskDispatcher with 16 workers.
[PhysX] Initialized MultithreadedTaskDispatcher with 16 workers.
[PhysX] Initialized MultithreadedTaskDispatcher with 16 workers.
[PhysX] Initialized MultithreadedTaskDispatcher with 16 workers.
 -> (artifact id: '93c7fd279e5e160be07d040189c29608') in 0.029059 seconds
Number of updated asset objects reloaded before import = 0
Number of asset objects unloaded after import = 9
========================================================================
Received Import Request.
  Time since last request: 0.000032 seconds.
  path: Assets/Asset/VNB Low Poly Home Set/FBX/Separated/Toy Figure 3.fbx
  artifactKey: Guid(df7c8d6ff49a55f4ea4fa5f5f459860d) Importer(815301076,1909f56bfc062723c751e8b465ee728b)
Start importing Assets/Asset/VNB Low Poly Home Set/FBX/Separated/Toy Figure 3.fbx using Guid(df7c8d6ff49a55f4ea4fa5f5f459860d) Importer(815301076,1909f56bfc062723c751e8b465ee728b) [PhysX] Initialized MultithreadedTaskDispatcher with 16 workers.
[PhysX] Initialized MultithreadedTaskDispatcher with 16 workers.
[PhysX] Initialized MultithreadedTaskDispatcher with 16 workers.
[PhysX] Initialized MultithreadedTaskDispatcher with 16 workers.
 -> (artifact id: 'c702f88742f551f9d9f5de6e585101f9') in 0.024813 seconds
Number of updated asset objects reloaded before import = 0
Number of asset objects unloaded after import = 9
========================================================================
Received Import Request.
  Time since last request: 0.590315 seconds.
  path: Assets/Asset/VNB Low Poly Home Set/FBX/Separated/Wall Standard Roof 1x3 45deg.fbx
  artifactKey: Guid(73fa2971fa4bc9a4c9882f70d58e4934) Importer(815301076,1909f56bfc062723c751e8b465ee728b)
Start importing Assets/Asset/VNB Low Poly Home Set/FBX/Separated/Wall Standard Roof 1x3 45deg.fbx using Guid(73fa2971fa4bc9a4c9882f70d58e4934) Importer(815301076,1909f56bfc062723c751e8b465ee728b) [PhysX] Initialized MultithreadedTaskDispatcher with 16 workers.
[PhysX] Initialized MultithreadedTaskDispatcher with 16 workers.
[PhysX] Initialized MultithreadedTaskDispatcher with 16 workers.
[PhysX] Initialized MultithreadedTaskDispatcher with 16 workers.
[PhysX] Initialized MultithreadedTaskDispatcher with 16 workers.
 -> (artifact id: '51a00ef50655190b25db5c28be4be3a1') in 0.042873 seconds
Number of updated asset objects reloaded before import = 0
Number of asset objects unloaded after import = 11
========================================================================
Received Import Request.
  Time since last request: 0.000025 seconds.
  path: Assets/Asset/VNB Low Poly Home Set/FBX/Separated/Wall Standard Window 5.fbx
  artifactKey: Guid(87d5bd2bc52801e44be9ea9f85e27b26) Importer(815301076,1909f56bfc062723c751e8b465ee728b)
Start importing Assets/Asset/VNB Low Poly Home Set/FBX/Separated/Wall Standard Window 5.fbx using Guid(87d5bd2bc52801e44be9ea9f85e27b26) Importer(815301076,1909f56bfc062723c751e8b465ee728b) [PhysX] Initialized MultithreadedTaskDispatcher with 16 workers.
[PhysX] Initialized MultithreadedTaskDispatcher with 16 workers.
[PhysX] Initialized MultithreadedTaskDispatcher with 16 workers.
[PhysX] Initialized MultithreadedTaskDispatcher with 16 workers.
[PhysX] Initialized MultithreadedTaskDispatcher with 16 workers.
 -> (artifact id: '12d7dee9481eb8d511deb18c2bfbdbd7') in 0.043941 seconds
Number of updated asset objects reloaded before import = 0
Number of asset objects unloaded after import = 11
========================================================================
Received Import Request.
  Time since last request: 0.000034 seconds.
  path: Assets/Asset/VNB Low Poly Home Set/FBX/Separated/Window Frame 3 B.fbx
  artifactKey: Guid(aa259073d66fe36409617a8065625a7e) Importer(815301076,1909f56bfc062723c751e8b465ee728b)
Start importing Assets/Asset/VNB Low Poly Home Set/FBX/Separated/Window Frame 3 B.fbx using Guid(aa259073d66fe36409617a8065625a7e) Importer(815301076,1909f56bfc062723c751e8b465ee728b) [PhysX] Initialized MultithreadedTaskDispatcher with 16 workers.
[PhysX] Initialized MultithreadedTaskDispatcher with 16 workers.
[PhysX] Initialized MultithreadedTaskDispatcher with 16 workers.
[PhysX] Initialized MultithreadedTaskDispatcher with 16 workers.
 -> (artifact id: '98c9fa180b855460f75c210c2b94df98') in 0.027802 seconds
Number of updated asset objects reloaded before import = 0
Number of asset objects unloaded after import = 9
========================================================================
Received Import Request.
  Time since last request: 0.000039 seconds.
  path: Assets/Asset/VNB Low Poly Home Set/FBX/Separated/Window Frame Ac 2.fbx
  artifactKey: Guid(c4f4a2c4d5ecb0f4c9da37c38458ff70) Importer(815301076,1909f56bfc062723c751e8b465ee728b)
Start importing Assets/Asset/VNB Low Poly Home Set/FBX/Separated/Window Frame Ac 2.fbx using Guid(c4f4a2c4d5ecb0f4c9da37c38458ff70) Importer(815301076,1909f56bfc062723c751e8b465ee728b) [PhysX] Initialized MultithreadedTaskDispatcher with 16 workers.
[PhysX] Initialized MultithreadedTaskDispatcher with 16 workers.
[PhysX] Initialized MultithreadedTaskDispatcher with 16 workers.
[PhysX] Initialized MultithreadedTaskDispatcher with 16 workers.
 -> (artifact id: '3c6ab5dc6b7b64b34ed99dc1a0acc970') in 0.028222 seconds
Number of updated asset objects reloaded before import = 0
Number of asset objects unloaded after import = 9
========================================================================
Received Import Request.
  Time since last request: 0.000023 seconds.
  path: Assets/Asset/VNB Low Poly Home Set/FBX/Separated/Wall Standard Window 4.fbx
  artifactKey: Guid(0b715d8d0fa93f2408b0d513004fed7e) Importer(815301076,1909f56bfc062723c751e8b465ee728b)
Start importing Assets/Asset/VNB Low Poly Home Set/FBX/Separated/Wall Standard Window 4.fbx using Guid(0b715d8d0fa93f2408b0d513004fed7e) Importer(815301076,1909f56bfc062723c751e8b465ee728b) [PhysX] Initialized MultithreadedTaskDispatcher with 16 workers.
[PhysX] Initialized MultithreadedTaskDispatcher with 16 workers.
[PhysX] Initialized MultithreadedTaskDispatcher with 16 workers.
[PhysX] Initialized MultithreadedTaskDispatcher with 16 workers.
[PhysX] Initialized MultithreadedTaskDispatcher with 16 workers.
 -> (artifact id: 'd91a7d44c5a714081b67f61c6d1a57aa') in 0.035366 seconds
Number of updated asset objects reloaded before import = 0
Number of asset objects unloaded after import = 11
========================================================================
Received Import Request.
  Time since last request: 0.000029 seconds.
  path: Assets/Asset/VNB Low Poly Home Set/FBX/Separated/Window Frame 4.fbx
  artifactKey: Guid(d5dd3422b9409fb4d830263c82d3a498) Importer(815301076,1909f56bfc062723c751e8b465ee728b)
Start importing Assets/Asset/VNB Low Poly Home Set/FBX/Separated/Window Frame 4.fbx using Guid(d5dd3422b9409fb4d830263c82d3a498) Importer(815301076,1909f56bfc062723c751e8b465ee728b) [PhysX] Initialized MultithreadedTaskDispatcher with 16 workers.
[PhysX] Initialized MultithreadedTaskDispatcher with 16 workers.
[PhysX] Initialized MultithreadedTaskDispatcher with 16 workers.
[PhysX] Initialized MultithreadedTaskDispatcher with 16 workers.
 -> (artifact id: 'a0f3dbc12debdb3ab4c6907b82195453') in 0.026488 seconds
Number of updated asset objects reloaded before import = 0
Number of asset objects unloaded after import = 9
========================================================================
Received Import Request.
  Time since last request: 0.000026 seconds.
  path: Assets/Asset/VNB Low Poly Home Set/FBX/Separated/Wardrobe Door.fbx
  artifactKey: Guid(f088ab6756da00c4c906ce392be02cda) Importer(815301076,1909f56bfc062723c751e8b465ee728b)
Start importing Assets/Asset/VNB Low Poly Home Set/FBX/Separated/Wardrobe Door.fbx using Guid(f088ab6756da00c4c906ce392be02cda) Importer(815301076,1909f56bfc062723c751e8b465ee728b) [PhysX] Initialized MultithreadedTaskDispatcher with 16 workers.
[PhysX] Initialized MultithreadedTaskDispatcher with 16 workers.
[PhysX] Initialized MultithreadedTaskDispatcher with 16 workers.
[PhysX] Initialized MultithreadedTaskDispatcher with 16 workers.
 -> (artifact id: '2de7723d5c6c14de37e5956f156f1848') in 0.024977 seconds
Number of updated asset objects reloaded before import = 0
Number of asset objects unloaded after import = 9
========================================================================
Received Import Request.
  Time since last request: 0.000021 seconds.
  path: Assets/Asset/VNB Low Poly Home Set/FBX/Separated/Window Frame 5.fbx
  artifactKey: Guid(1659c2682e9b19146ac07bdc783aa0ce) Importer(815301076,1909f56bfc062723c751e8b465ee728b)
Start importing Assets/Asset/VNB Low Poly Home Set/FBX/Separated/Window Frame 5.fbx using Guid(1659c2682e9b19146ac07bdc783aa0ce) Importer(815301076,1909f56bfc062723c751e8b465ee728b) [PhysX] Initialized MultithreadedTaskDispatcher with 16 workers.
[PhysX] Initialized MultithreadedTaskDispatcher with 16 workers.
[PhysX] Initialized MultithreadedTaskDispatcher with 16 workers.
[PhysX] Initialized MultithreadedTaskDispatcher with 16 workers.
 -> (artifact id: '129c1604335cfc3a8d57528fa46444a9') in 0.025527 seconds
Number of updated asset objects reloaded before import = 0
Number of asset objects unloaded after import = 9
========================================================================
Received Import Request.
  Time since last request: 0.000019 seconds.
  path: Assets/Asset/VNB Low Poly Home Set/FBX/Separated/Wrench 2.fbx
  artifactKey: Guid(44003522ed5643c458ea0d64705ac1ab) Importer(815301076,1909f56bfc062723c751e8b465ee728b)
Start importing Assets/Asset/VNB Low Poly Home Set/FBX/Separated/Wrench 2.fbx using Guid(44003522ed5643c458ea0d64705ac1ab) Importer(815301076,1909f56bfc062723c751e8b465ee728b) [PhysX] Initialized MultithreadedTaskDispatcher with 16 workers.
[PhysX] Initialized MultithreadedTaskDispatcher with 16 workers.
[PhysX] Initialized MultithreadedTaskDispatcher with 16 workers.
[PhysX] Initialized MultithreadedTaskDispatcher with 16 workers.
 -> (artifact id: '7e7d577898e6a8407014889ba26fbc7a') in 0.028992 seconds
Number of updated asset objects reloaded before import = 0
Number of asset objects unloaded after import = 9
========================================================================
Received Import Request.
  Time since last request: 0.000030 seconds.
  path: Assets/Asset/VNB Low Poly Home Set/FBX/Separated/Window Frame 2 B.fbx
  artifactKey: Guid(0d18e3e5ce7e4354093b2ddfdab9e842) Importer(815301076,1909f56bfc062723c751e8b465ee728b)
Start importing Assets/Asset/VNB Low Poly Home Set/FBX/Separated/Window Frame 2 B.fbx using Guid(0d18e3e5ce7e4354093b2ddfdab9e842) Importer(815301076,1909f56bfc062723c751e8b465ee728b) [PhysX] Initialized MultithreadedTaskDispatcher with 16 workers.
[PhysX] Initialized MultithreadedTaskDispatcher with 16 workers.
[PhysX] Initialized MultithreadedTaskDispatcher with 16 workers.
[PhysX] Initialized MultithreadedTaskDispatcher with 16 workers.
 -> (artifact id: '0aa643f65c9f1bc1ff8401a4e75dc311') in 0.024717 seconds
Number of updated asset objects reloaded before import = 0
Number of asset objects unloaded after import = 9
