Using pre-set license
Built from '2022.3/staging' branch; Version is '2022.3.33f1 (b2c853adf198) revision 11716691'; Using compiler version '192829333'; Build Type 'Release'
OS: 'Windows 11  (10.0.22631) 64bit Core' Language: 'fr' Physical Memory: 15791 MB
BatchMode: 1, IsHumanControllingUs: 0, StartBugReporterOnCrash: 0, Is64bit: 1, IsPro: 1

COMMAND LINE ARGUMENTS:
C:\Program Files\Unity\Hub\Editor\2022.3.33f1\Editor\Unity.exe
-adb2
-batchMode
-noUpm
-name
AssetImportWorker3
-projectPath
C:/Users/Utilisateur1/Documents/Projets/SometimeThereIsAcat-/SometimeThereIsAcat
-logFile
Logs/AssetImportWorker3.log
-srvPort
52559
Successfully changed project path to: C:/Users/Utilisateur1/Documents/Projets/SometimeThereIsAcat-/SometimeThereIsAcat
C:/Users/Utilisateur1/Documents/Projets/SometimeThereIsAcat-/SometimeThereIsAcat
[UnityMemory] Configuration Parameters - Can be set up in boot.config
    "memorysetup-bucket-allocator-granularity=16"
    "memorysetup-bucket-allocator-bucket-count=8"
    "memorysetup-bucket-allocator-block-size=33554432"
    "memorysetup-bucket-allocator-block-count=8"
    "memorysetup-main-allocator-block-size=16777216"
    "memorysetup-thread-allocator-block-size=16777216"
    "memorysetup-gfx-main-allocator-block-size=16777216"
    "memorysetup-gfx-thread-allocator-block-size=16777216"
    "memorysetup-cache-allocator-block-size=4194304"
    "memorysetup-typetree-allocator-block-size=2097152"
    "memorysetup-profiler-bucket-allocator-granularity=16"
    "memorysetup-profiler-bucket-allocator-bucket-count=8"
    "memorysetup-profiler-bucket-allocator-block-size=33554432"
    "memorysetup-profiler-bucket-allocator-block-count=8"
    "memorysetup-profiler-allocator-block-size=16777216"
    "memorysetup-profiler-editor-allocator-block-size=1048576"
    "memorysetup-temp-allocator-size-main=16777216"
    "memorysetup-job-temp-allocator-block-size=2097152"
    "memorysetup-job-temp-allocator-block-size-background=1048576"
    "memorysetup-job-temp-allocator-reduction-small-platforms=262144"
    "memorysetup-allocator-temp-initial-block-size-main=262144"
    "memorysetup-allocator-temp-initial-block-size-worker=262144"
    "memorysetup-temp-allocator-size-background-worker=32768"
    "memorysetup-temp-allocator-size-job-worker=262144"
    "memorysetup-temp-allocator-size-preload-manager=33554432"
    "memorysetup-temp-allocator-size-nav-mesh-worker=65536"
    "memorysetup-temp-allocator-size-audio-worker=65536"
    "memorysetup-temp-allocator-size-cloud-worker=32768"
    "memorysetup-temp-allocator-size-gi-baking-worker=262144"
    "memorysetup-temp-allocator-size-gfx=262144"
Player connection [12948] Host "[IP] 172.31.48.1 [Port] 0 [Flags] 2 [Guid] 2441582083 [EditorId] 2441582083 [Version] 1048832 [Id] WindowsEditor(7,LAPTOP-19K9AKIU) [Debug] 1 [PackageName] WindowsEditor [ProjectName] Editor" joined multi-casting on [225.0.0.222:54997]...

Player connection [12948] Host "[IP] 172.31.48.1 [Port] 0 [Flags] 2 [Guid] 2441582083 [EditorId] 2441582083 [Version] 1048832 [Id] WindowsEditor(7,LAPTOP-19K9AKIU) [Debug] 1 [PackageName] WindowsEditor [ProjectName] Editor" joined alternative multi-casting on [225.0.0.222:34997]...

[PhysX] Initialized MultithreadedTaskDispatcher with 16 workers.
Refreshing native plugins compatible for Editor in 12.06 ms, found 3 plugins.
Preloading 0 native plugins for Editor in 0.00 ms.
Initialize engine version: 2022.3.33f1 (b2c853adf198)
[Subsystems] Discovering subsystems at path C:/Program Files/Unity/Hub/Editor/2022.3.33f1/Editor/Data/Resources/UnitySubsystems
[Subsystems] Discovering subsystems at path C:/Users/Utilisateur1/Documents/Projets/SometimeThereIsAcat-/SometimeThereIsAcat/Assets
GfxDevice: creating device client; threaded=0; jobified=0
Direct3D:
    Version:  Direct3D 11.0 [level 11.1]
    Renderer: NVIDIA GeForce RTX 3060 Laptop GPU (ID=0x2520)
    Vendor:   NVIDIA
    VRAM:     5996 MB
    Driver:   31.0.15.5212
Initialize mono
Mono path[0] = 'C:/Program Files/Unity/Hub/Editor/2022.3.33f1/Editor/Data/Managed'
Mono path[1] = 'C:/Program Files/Unity/Hub/Editor/2022.3.33f1/Editor/Data/MonoBleedingEdge/lib/mono/unityjit-win32'
Mono config path = 'C:/Program Files/Unity/Hub/Editor/2022.3.33f1/Editor/Data/MonoBleedingEdge/etc'
Using monoOptions --debugger-agent=transport=dt_socket,embedding=1,server=y,suspend=n,address=127.0.0.1:56472
Begin MonoManager ReloadAssembly
Registering precompiled unity dll's ...
Register platform support module: C:/Program Files/Unity/Hub/Editor/2022.3.33f1/Editor/Data/PlaybackEngines/WindowsStandaloneSupport/UnityEditor.WindowsStandalone.Extensions.dll
Registered in 0.007754 seconds.
- Loaded All Assemblies, in  0.417 seconds
Native extension for WindowsStandalone target not found
Mono: successfully reloaded assembly
- Finished resetting the current domain, in  0.298 seconds
Domain Reload Profiling: 713ms
	BeginReloadAssembly (134ms)
		ExecutionOrderSort (0ms)
		DisableScriptedObjects (0ms)
		BackupInstance (0ms)
		ReleaseScriptingObjects (0ms)
		CreateAndSetChildDomain (1ms)
	RebuildCommonClasses (35ms)
	RebuildNativeTypeToScriptingClass (13ms)
	initialDomainReloadingComplete (65ms)
	LoadAllAssembliesAndSetupDomain (169ms)
		LoadAssemblies (131ms)
		RebuildTransferFunctionScriptingTraits (0ms)
		AnalyzeDomain (166ms)
			TypeCache.Refresh (164ms)
				TypeCache.ScanAssembly (146ms)
			ScanForSourceGeneratedMonoScriptInfo (1ms)
			ResolveRequiredComponents (1ms)
	FinalizeReload (298ms)
		ReleaseScriptCaches (0ms)
		RebuildScriptCaches (0ms)
		SetupLoadedEditorAssemblies (227ms)
			LogAssemblyErrors (0ms)
			InitializePlatformSupportModulesInManaged (12ms)
			SetLoadedEditorAssemblies (11ms)
			RefreshPlugins (0ms)
			BeforeProcessingInitializeOnLoad (4ms)
			ProcessInitializeOnLoadAttributes (160ms)
			ProcessInitializeOnLoadMethodAttributes (39ms)
			AfterProcessingInitializeOnLoad (0ms)
			EditorAssembliesLoaded (0ms)
		ExecutionOrderSort2 (0ms)
		AwakeInstancesAfterBackupRestoration (0ms)
========================================================================
Worker process is ready to serve import requests
Begin MonoManager ReloadAssembly
- Loaded All Assemblies, in  0.861 seconds
Refreshing native plugins compatible for Editor in 3.49 ms, found 3 plugins.
Native extension for WindowsStandalone target not found
Package Manager log level set to [2]
[Package Manager] Server::EnsureServerProcessIsRunning -- launch failed, reason: Unity was launched with the -noUpm command-line argument
[Package Manager] UpmClient::Send -- Unable to send message (not connected to UPM process).
[Package Manager] Cannot connect to Unity Package Manager local server
Mono: successfully reloaded assembly
- Finished resetting the current domain, in  0.749 seconds
Domain Reload Profiling: 1607ms
	BeginReloadAssembly (193ms)
		ExecutionOrderSort (0ms)
		DisableScriptedObjects (5ms)
		BackupInstance (0ms)
		ReleaseScriptingObjects (0ms)
		CreateAndSetChildDomain (34ms)
	RebuildCommonClasses (39ms)
	RebuildNativeTypeToScriptingClass (10ms)
	initialDomainReloadingComplete (54ms)
	LoadAllAssembliesAndSetupDomain (562ms)
		LoadAssemblies (467ms)
		RebuildTransferFunctionScriptingTraits (0ms)
		AnalyzeDomain (209ms)
			TypeCache.Refresh (191ms)
				TypeCache.ScanAssembly (172ms)
			ScanForSourceGeneratedMonoScriptInfo (13ms)
			ResolveRequiredComponents (4ms)
	FinalizeReload (750ms)
		ReleaseScriptCaches (0ms)
		RebuildScriptCaches (0ms)
		SetupLoadedEditorAssemblies (614ms)
			LogAssemblyErrors (0ms)
			InitializePlatformSupportModulesInManaged (5ms)
			SetLoadedEditorAssemblies (6ms)
			RefreshPlugins (0ms)
			BeforeProcessingInitializeOnLoad (76ms)
			ProcessInitializeOnLoadAttributes (493ms)
			ProcessInitializeOnLoadMethodAttributes (24ms)
			AfterProcessingInitializeOnLoad (9ms)
			EditorAssembliesLoaded (0ms)
		ExecutionOrderSort2 (0ms)
		AwakeInstancesAfterBackupRestoration (7ms)
Launched and connected shader compiler UnityShaderCompiler.exe after 0.04 seconds
Refreshing native plugins compatible for Editor in 5.03 ms, found 3 plugins.
Preloading 0 native plugins for Editor in 0.00 ms.
Unloading 3095 Unused Serialized files (Serialized files now loaded: 0)
Unloading 33 unused Assets / (58.0 KB). Loaded Objects now: 3555.
Memory consumption went from 121.7 MB to 121.6 MB.
Total: 3.078100 ms (FindLiveObjects: 0.253100 ms CreateObjectMapping: 0.086500 ms MarkObjects: 2.564100 ms  DeleteObjects: 0.173400 ms)

AssetImportParameters requested are different than current active one (requested -> active):
  custom:container-demuxer-ogg: 62fdf1f143b41e24485cea50d1cbac27 -> 
  custom:video-codec-MediaFoundation-h265: 746d11721c4dcdbdad8f713fa42b33f4 -> 
  custom:video-decoder-ogg-theora: a1e56fd34408186e4bbccfd4996cb3dc -> 
  custom:framework-win-MediaFoundation: 216162199b28c13a410421893ffa2e32 -> 
  custom:CustomObjectIndexerAttribute: 9a22284fe3817be447336de3de66b15e -> 
  custom:container-demuxer-webm: 4f35f7cbe854078d1ac9338744f61a02 -> 
  custom:container-muxer-webm: aa71ff27fc2769a1b78a27578f13a17b -> 
  custom:video-decoder-webm-vp8: 9c59270c3fd7afecdb556c50c9e8de78 -> 
  custom:SearchIndexIgnoredProperties: e643bd26f0fe6173181afceb89e7c659 -> 
  custom:AudioImporter_EditorPlatform: d09bf68614088b80899f8185d706f6e7 -> 
  custom:video-encoder-webm-vp8: eb34c28f22e8b96e1ab97ce403110664 -> 
  custom:audio-decoder-ogg-vorbis: bf7c407c2cedff20999df2af8eb42d56 -> 
  custom:audio-encoder-webm-vorbis: bf7c407c2cedff20999df2af8eb42d56 -> 
========================================================================
Received Import Request.
  Time since last request: 6148.748392 seconds.
  path: Assets/Asset/VNB Low Poly Home Set/FBX/Separated/Toilet.fbx
  artifactKey: Guid(56ee3c57bb1934b41ad8676b0afd0ea2) Importer(815301076,1909f56bfc062723c751e8b465ee728b)
Start importing Assets/Asset/VNB Low Poly Home Set/FBX/Separated/Toilet.fbx using Guid(56ee3c57bb1934b41ad8676b0afd0ea2) Importer(815301076,1909f56bfc062723c751e8b465ee728b) [PhysX] Initialized MultithreadedTaskDispatcher with 16 workers.
[PhysX] Initialized MultithreadedTaskDispatcher with 16 workers.
[PhysX] Initialized MultithreadedTaskDispatcher with 16 workers.
[PhysX] Initialized MultithreadedTaskDispatcher with 16 workers.
 -> (artifact id: 'f95bf3390438b73c24eda11e8cc4f2ab') in 0.175962 seconds
Number of updated asset objects reloaded before import = 0
Number of asset objects unloaded after import = 9
========================================================================
Received Import Request.
  Time since last request: 0.000057 seconds.
  path: Assets/Asset/VNB Low Poly Home Set/FBX/Separated/Soap Dispenser Acc.fbx
  artifactKey: Guid(0c5536e95f4c95d478e0aece4cefd746) Importer(815301076,1909f56bfc062723c751e8b465ee728b)
Start importing Assets/Asset/VNB Low Poly Home Set/FBX/Separated/Soap Dispenser Acc.fbx using Guid(0c5536e95f4c95d478e0aece4cefd746) Importer(815301076,1909f56bfc062723c751e8b465ee728b) [PhysX] Initialized MultithreadedTaskDispatcher with 16 workers.
[PhysX] Initialized MultithreadedTaskDispatcher with 16 workers.
[PhysX] Initialized MultithreadedTaskDispatcher with 16 workers.
[PhysX] Initialized MultithreadedTaskDispatcher with 16 workers.
 -> (artifact id: '87613d324594d7a0c0f3c4aa62bb64ad') in 0.028012 seconds
Number of updated asset objects reloaded before import = 0
Number of asset objects unloaded after import = 9
========================================================================
Received Import Request.
  Time since last request: 0.000084 seconds.
  path: Assets/Asset/VNB Low Poly Home Set/FBX/Separated/Soap Dispenser Base.fbx
  artifactKey: Guid(519ab013b7473b7429a5ff26cce0c866) Importer(815301076,1909f56bfc062723c751e8b465ee728b)
Start importing Assets/Asset/VNB Low Poly Home Set/FBX/Separated/Soap Dispenser Base.fbx using Guid(519ab013b7473b7429a5ff26cce0c866) Importer(815301076,1909f56bfc062723c751e8b465ee728b) [PhysX] Initialized MultithreadedTaskDispatcher with 16 workers.
[PhysX] Initialized MultithreadedTaskDispatcher with 16 workers.
[PhysX] Initialized MultithreadedTaskDispatcher with 16 workers.
[PhysX] Initialized MultithreadedTaskDispatcher with 16 workers.
 -> (artifact id: 'cd839f676924eb57f77e80225f9df1a3') in 0.025215 seconds
Number of updated asset objects reloaded before import = 0
Number of asset objects unloaded after import = 9
========================================================================
Received Import Request.
  Time since last request: 0.000021 seconds.
  path: Assets/Asset/VNB Low Poly Home Set/FBX/Separated/Toilet Paper.fbx
  artifactKey: Guid(21d7a396ba4373c448198d0c0c2d9246) Importer(815301076,1909f56bfc062723c751e8b465ee728b)
Start importing Assets/Asset/VNB Low Poly Home Set/FBX/Separated/Toilet Paper.fbx using Guid(21d7a396ba4373c448198d0c0c2d9246) Importer(815301076,1909f56bfc062723c751e8b465ee728b) [PhysX] Initialized MultithreadedTaskDispatcher with 16 workers.
[PhysX] Initialized MultithreadedTaskDispatcher with 16 workers.
[PhysX] Initialized MultithreadedTaskDispatcher with 16 workers.
[PhysX] Initialized MultithreadedTaskDispatcher with 16 workers.
 -> (artifact id: '8d44fcbcdc9040862bc80ac2e81f5e7e') in 0.027400 seconds
Number of updated asset objects reloaded before import = 0
Number of asset objects unloaded after import = 9
========================================================================
Received Import Request.
  Time since last request: 0.000039 seconds.
  path: Assets/Asset/VNB Low Poly Home Set/FBX/Separated/Terrain 2.fbx
  artifactKey: Guid(9c3568a161d719f4b8fe5312ed10463c) Importer(815301076,1909f56bfc062723c751e8b465ee728b)
Start importing Assets/Asset/VNB Low Poly Home Set/FBX/Separated/Terrain 2.fbx using Guid(9c3568a161d719f4b8fe5312ed10463c) Importer(815301076,1909f56bfc062723c751e8b465ee728b) [PhysX] Initialized MultithreadedTaskDispatcher with 16 workers.
[PhysX] Initialized MultithreadedTaskDispatcher with 16 workers.
[PhysX] Initialized MultithreadedTaskDispatcher with 16 workers.
[PhysX] Initialized MultithreadedTaskDispatcher with 16 workers.
 -> (artifact id: '924be3761d191cc6e7af328e524d6780') in 0.021593 seconds
Number of updated asset objects reloaded before import = 0
Number of asset objects unloaded after import = 9
========================================================================
Received Import Request.
  Time since last request: 0.413274 seconds.
  path: Assets/Asset/VNB Low Poly Home Set/FBX/Separated/Toothbrush.fbx
  artifactKey: Guid(c3a7a6e858b09e344852761dc54c2bbc) Importer(815301076,1909f56bfc062723c751e8b465ee728b)
Start importing Assets/Asset/VNB Low Poly Home Set/FBX/Separated/Toothbrush.fbx using Guid(c3a7a6e858b09e344852761dc54c2bbc) Importer(815301076,1909f56bfc062723c751e8b465ee728b) [PhysX] Initialized MultithreadedTaskDispatcher with 16 workers.
[PhysX] Initialized MultithreadedTaskDispatcher with 16 workers.
[PhysX] Initialized MultithreadedTaskDispatcher with 16 workers.
[PhysX] Initialized MultithreadedTaskDispatcher with 16 workers.
 -> (artifact id: 'a8f32cf793ee210c245a32ed352c3847') in 0.029663 seconds
Number of updated asset objects reloaded before import = 0
Number of asset objects unloaded after import = 9
========================================================================
Received Import Request.
  Time since last request: 0.000019 seconds.
  path: Assets/Asset/VNB Low Poly Home Set/FBX/Separated/Toy Car 2.fbx
  artifactKey: Guid(178f1de122e76d049a1a3925de8666a0) Importer(815301076,1909f56bfc062723c751e8b465ee728b)
Start importing Assets/Asset/VNB Low Poly Home Set/FBX/Separated/Toy Car 2.fbx using Guid(178f1de122e76d049a1a3925de8666a0) Importer(815301076,1909f56bfc062723c751e8b465ee728b) [PhysX] Initialized MultithreadedTaskDispatcher with 16 workers.
[PhysX] Initialized MultithreadedTaskDispatcher with 16 workers.
[PhysX] Initialized MultithreadedTaskDispatcher with 16 workers.
[PhysX] Initialized MultithreadedTaskDispatcher with 16 workers.
 -> (artifact id: '00d814c2b8f1008c617f220380330040') in 0.031506 seconds
Number of updated asset objects reloaded before import = 0
Number of asset objects unloaded after import = 9
========================================================================
Received Import Request.
  Time since last request: 0.000022 seconds.
  path: Assets/Asset/VNB Low Poly Home Set/FBX/Separated/Wall Column.fbx
  artifactKey: Guid(dfad0a50f7e9b0b419ca4fa30348708b) Importer(815301076,1909f56bfc062723c751e8b465ee728b)
Start importing Assets/Asset/VNB Low Poly Home Set/FBX/Separated/Wall Column.fbx using Guid(dfad0a50f7e9b0b419ca4fa30348708b) Importer(815301076,1909f56bfc062723c751e8b465ee728b) [PhysX] Initialized MultithreadedTaskDispatcher with 16 workers.
[PhysX] Initialized MultithreadedTaskDispatcher with 16 workers.
[PhysX] Initialized MultithreadedTaskDispatcher with 16 workers.
[PhysX] Initialized MultithreadedTaskDispatcher with 16 workers.
 -> (artifact id: '897d85bc73273e5b8a2a0b89b51a5c06') in 0.024432 seconds
Number of updated asset objects reloaded before import = 0
Number of asset objects unloaded after import = 9
========================================================================
Received Import Request.
  Time since last request: 0.000020 seconds.
  path: Assets/Asset/VNB Low Poly Home Set/FBX/Separated/Wall Standard Corner Border.fbx
  artifactKey: Guid(5996eed959007af4795688cc3aa22c68) Importer(815301076,1909f56bfc062723c751e8b465ee728b)
Start importing Assets/Asset/VNB Low Poly Home Set/FBX/Separated/Wall Standard Corner Border.fbx using Guid(5996eed959007af4795688cc3aa22c68) Importer(815301076,1909f56bfc062723c751e8b465ee728b) [PhysX] Initialized MultithreadedTaskDispatcher with 16 workers.
[PhysX] Initialized MultithreadedTaskDispatcher with 16 workers.
[PhysX] Initialized MultithreadedTaskDispatcher with 16 workers.
[PhysX] Initialized MultithreadedTaskDispatcher with 16 workers.
 -> (artifact id: '719a08cb21c9067374c04511f9a9ee83') in 0.026891 seconds
Number of updated asset objects reloaded before import = 0
Number of asset objects unloaded after import = 9
========================================================================
Received Import Request.
  Time since last request: 0.000023 seconds.
  path: Assets/Asset/VNB Low Poly Home Set/FBX/Separated/TrashBin.fbx
  artifactKey: Guid(c043107550d64cf49806bc34cecb1983) Importer(815301076,1909f56bfc062723c751e8b465ee728b)
Start importing Assets/Asset/VNB Low Poly Home Set/FBX/Separated/TrashBin.fbx using Guid(c043107550d64cf49806bc34cecb1983) Importer(815301076,1909f56bfc062723c751e8b465ee728b) [PhysX] Initialized MultithreadedTaskDispatcher with 16 workers.
[PhysX] Initialized MultithreadedTaskDispatcher with 16 workers.
[PhysX] Initialized MultithreadedTaskDispatcher with 16 workers.
[PhysX] Initialized MultithreadedTaskDispatcher with 16 workers.
 -> (artifact id: '53ca2989ead1e11b83a0b2cdcc11ff65') in 0.028841 seconds
Number of updated asset objects reloaded before import = 0
Number of asset objects unloaded after import = 9
========================================================================
Received Import Request.
  Time since last request: 0.000038 seconds.
  path: Assets/Asset/VNB Low Poly Home Set/FBX/Separated/Towel 1.fbx
  artifactKey: Guid(246db755c1a309c44980ba62a1b4f31c) Importer(815301076,1909f56bfc062723c751e8b465ee728b)
Start importing Assets/Asset/VNB Low Poly Home Set/FBX/Separated/Towel 1.fbx using Guid(246db755c1a309c44980ba62a1b4f31c) Importer(815301076,1909f56bfc062723c751e8b465ee728b) [PhysX] Initialized MultithreadedTaskDispatcher with 16 workers.
[PhysX] Initialized MultithreadedTaskDispatcher with 16 workers.
[PhysX] Initialized MultithreadedTaskDispatcher with 16 workers.
[PhysX] Initialized MultithreadedTaskDispatcher with 16 workers.
 -> (artifact id: '2d293438658fb5ac61576af79fad64dd') in 0.027792 seconds
Number of updated asset objects reloaded before import = 0
Number of asset objects unloaded after import = 9
========================================================================
Received Import Request.
  Time since last request: 0.000022 seconds.
  path: Assets/Asset/VNB Low Poly Home Set/FBX/Separated/Vase 2.fbx
  artifactKey: Guid(11efc60c87d21bf46835fbc8f99c86df) Importer(815301076,1909f56bfc062723c751e8b465ee728b)
Start importing Assets/Asset/VNB Low Poly Home Set/FBX/Separated/Vase 2.fbx using Guid(11efc60c87d21bf46835fbc8f99c86df) Importer(815301076,1909f56bfc062723c751e8b465ee728b) [PhysX] Initialized MultithreadedTaskDispatcher with 16 workers.
[PhysX] Initialized MultithreadedTaskDispatcher with 16 workers.
[PhysX] Initialized MultithreadedTaskDispatcher with 16 workers.
[PhysX] Initialized MultithreadedTaskDispatcher with 16 workers.
 -> (artifact id: '225b105ba5a0824aecc16612681d1574') in 0.026064 seconds
Number of updated asset objects reloaded before import = 0
Number of asset objects unloaded after import = 9
========================================================================
Received Import Request.
  Time since last request: 0.000200 seconds.
  path: Assets/Asset/VNB Low Poly Home Set/FBX/Separated/Wall Standard 1x3 Window 4.fbx
  artifactKey: Guid(406478e36348e7141812f15e6a8515df) Importer(815301076,1909f56bfc062723c751e8b465ee728b)
Start importing Assets/Asset/VNB Low Poly Home Set/FBX/Separated/Wall Standard 1x3 Window 4.fbx using Guid(406478e36348e7141812f15e6a8515df) Importer(815301076,1909f56bfc062723c751e8b465ee728b) [PhysX] Initialized MultithreadedTaskDispatcher with 16 workers.
[PhysX] Initialized MultithreadedTaskDispatcher with 16 workers.
[PhysX] Initialized MultithreadedTaskDispatcher with 16 workers.
[PhysX] Initialized MultithreadedTaskDispatcher with 16 workers.
[PhysX] Initialized MultithreadedTaskDispatcher with 16 workers.
 -> (artifact id: '2e131b2628e15317b4fd8e9b58e10b09') in 0.039962 seconds
Number of updated asset objects reloaded before import = 0
Number of asset objects unloaded after import = 11
========================================================================
Received Import Request.
  Time since last request: 0.000022 seconds.
  path: Assets/Asset/VNB Low Poly Home Set/FBX/Separated/Wall Standard 1x3 X3.fbx
  artifactKey: Guid(d0474cd0267fe6a46bf2d878c7abb6c8) Importer(815301076,1909f56bfc062723c751e8b465ee728b)
Start importing Assets/Asset/VNB Low Poly Home Set/FBX/Separated/Wall Standard 1x3 X3.fbx using Guid(d0474cd0267fe6a46bf2d878c7abb6c8) Importer(815301076,1909f56bfc062723c751e8b465ee728b) [PhysX] Initialized MultithreadedTaskDispatcher with 16 workers.
[PhysX] Initialized MultithreadedTaskDispatcher with 16 workers.
[PhysX] Initialized MultithreadedTaskDispatcher with 16 workers.
[PhysX] Initialized MultithreadedTaskDispatcher with 16 workers.
[PhysX] Initialized MultithreadedTaskDispatcher with 16 workers.
 -> (artifact id: '2b84f88306fcf9e723936918fce58f4c') in 0.040825 seconds
Number of updated asset objects reloaded before import = 0
Number of asset objects unloaded after import = 11
========================================================================
Received Import Request.
  Time since last request: 0.000025 seconds.
  path: Assets/Asset/VNB Low Poly Home Set/FBX/Separated/Toy Plane.fbx
  artifactKey: Guid(011094ae9687a3745a4a64654aadda2c) Importer(815301076,1909f56bfc062723c751e8b465ee728b)
Start importing Assets/Asset/VNB Low Poly Home Set/FBX/Separated/Toy Plane.fbx using Guid(011094ae9687a3745a4a64654aadda2c) Importer(815301076,1909f56bfc062723c751e8b465ee728b) [PhysX] Initialized MultithreadedTaskDispatcher with 16 workers.
[PhysX] Initialized MultithreadedTaskDispatcher with 16 workers.
[PhysX] Initialized MultithreadedTaskDispatcher with 16 workers.
[PhysX] Initialized MultithreadedTaskDispatcher with 16 workers.
 -> (artifact id: '19f60f5c18c7d35b1a121e22123ff7d0') in 0.025566 seconds
Number of updated asset objects reloaded before import = 0
Number of asset objects unloaded after import = 9
========================================================================
Received Import Request.
  Time since last request: 0.000042 seconds.
  path: Assets/Asset/VNB Low Poly Home Set/FBX/Separated/Wall Standard Half 1x3.fbx
  artifactKey: Guid(ce4665af65b62c241855c84f2a0112ce) Importer(815301076,1909f56bfc062723c751e8b465ee728b)
Start importing Assets/Asset/VNB Low Poly Home Set/FBX/Separated/Wall Standard Half 1x3.fbx using Guid(ce4665af65b62c241855c84f2a0112ce) Importer(815301076,1909f56bfc062723c751e8b465ee728b) [PhysX] Initialized MultithreadedTaskDispatcher with 16 workers.
[PhysX] Initialized MultithreadedTaskDispatcher with 16 workers.
[PhysX] Initialized MultithreadedTaskDispatcher with 16 workers.
[PhysX] Initialized MultithreadedTaskDispatcher with 16 workers.
[PhysX] Initialized MultithreadedTaskDispatcher with 16 workers.
 -> (artifact id: '6ec3da0421f146b1341439cade5e1c6b') in 0.034663 seconds
Number of updated asset objects reloaded before import = 0
Number of asset objects unloaded after import = 11
========================================================================
Received Import Request.
  Time since last request: 0.000028 seconds.
  path: Assets/Asset/VNB Low Poly Home Set/FBX/Separated/TrashBin Ac.fbx
  artifactKey: Guid(652d66cc4144f9042842dd2018effbf8) Importer(815301076,1909f56bfc062723c751e8b465ee728b)
Start importing Assets/Asset/VNB Low Poly Home Set/FBX/Separated/TrashBin Ac.fbx using Guid(652d66cc4144f9042842dd2018effbf8) Importer(815301076,1909f56bfc062723c751e8b465ee728b) [PhysX] Initialized MultithreadedTaskDispatcher with 16 workers.
[PhysX] Initialized MultithreadedTaskDispatcher with 16 workers.
[PhysX] Initialized MultithreadedTaskDispatcher with 16 workers.
[PhysX] Initialized MultithreadedTaskDispatcher with 16 workers.
 -> (artifact id: '0d81a4f69fc45e78216aa2f08e337c74') in 0.026676 seconds
Number of updated asset objects reloaded before import = 0
Number of asset objects unloaded after import = 9
========================================================================
Received Import Request.
  Time since last request: 0.000024 seconds.
  path: Assets/Asset/VNB Low Poly Home Set/FBX/Separated/Wall Standard 1x3 Window 5.fbx
  artifactKey: Guid(39409c3097a9bf446b2348ddd6b243a4) Importer(815301076,1909f56bfc062723c751e8b465ee728b)
Start importing Assets/Asset/VNB Low Poly Home Set/FBX/Separated/Wall Standard 1x3 Window 5.fbx using Guid(39409c3097a9bf446b2348ddd6b243a4) Importer(815301076,1909f56bfc062723c751e8b465ee728b) [PhysX] Initialized MultithreadedTaskDispatcher with 16 workers.
[PhysX] Initialized MultithreadedTaskDispatcher with 16 workers.
[PhysX] Initialized MultithreadedTaskDispatcher with 16 workers.
[PhysX] Initialized MultithreadedTaskDispatcher with 16 workers.
[PhysX] Initialized MultithreadedTaskDispatcher with 16 workers.
 -> (artifact id: '89baea1d89e58876e8e2e0113aa1f82d') in 0.028567 seconds
Number of updated asset objects reloaded before import = 0
Number of asset objects unloaded after import = 11
========================================================================
Received Import Request.
  Time since last request: 0.570434 seconds.
  path: Assets/Asset/VNB Low Poly Home Set/FBX/Separated/Wall Standard Triangle.fbx
  artifactKey: Guid(296945dbb63da5f46bba4a6b2242d044) Importer(815301076,1909f56bfc062723c751e8b465ee728b)
Start importing Assets/Asset/VNB Low Poly Home Set/FBX/Separated/Wall Standard Triangle.fbx using Guid(296945dbb63da5f46bba4a6b2242d044) Importer(815301076,1909f56bfc062723c751e8b465ee728b) [PhysX] Initialized MultithreadedTaskDispatcher with 16 workers.
[PhysX] Initialized MultithreadedTaskDispatcher with 16 workers.
[PhysX] Initialized MultithreadedTaskDispatcher with 16 workers.
[PhysX] Initialized MultithreadedTaskDispatcher with 16 workers.
[PhysX] Initialized MultithreadedTaskDispatcher with 16 workers.
 -> (artifact id: '2b7b5cf8b6074f92960b93bcab891b2e') in 0.042464 seconds
Number of updated asset objects reloaded before import = 0
Number of asset objects unloaded after import = 11
========================================================================
Received Import Request.
  Time since last request: 0.000020 seconds.
  path: Assets/Asset/VNB Low Poly Home Set/FBX/Separated/Wardrobe.fbx
  artifactKey: Guid(006029de762fe2445a5dd2976ae4afd9) Importer(815301076,1909f56bfc062723c751e8b465ee728b)
Start importing Assets/Asset/VNB Low Poly Home Set/FBX/Separated/Wardrobe.fbx using Guid(006029de762fe2445a5dd2976ae4afd9) Importer(815301076,1909f56bfc062723c751e8b465ee728b) [PhysX] Initialized MultithreadedTaskDispatcher with 16 workers.
[PhysX] Initialized MultithreadedTaskDispatcher with 16 workers.
[PhysX] Initialized MultithreadedTaskDispatcher with 16 workers.
[PhysX] Initialized MultithreadedTaskDispatcher with 16 workers.
 -> (artifact id: '428b39de43ffec6cb96bec661b9bc7bb') in 0.036320 seconds
Number of updated asset objects reloaded before import = 0
Number of asset objects unloaded after import = 9
========================================================================
Received Import Request.
  Time since last request: 0.000026 seconds.
  path: Assets/Asset/VNB Low Poly Home Set/FBX/Separated/Window Frame 1 B.fbx
  artifactKey: Guid(518d1034ac0df7e47951e08922dc64ba) Importer(815301076,1909f56bfc062723c751e8b465ee728b)
Start importing Assets/Asset/VNB Low Poly Home Set/FBX/Separated/Window Frame 1 B.fbx using Guid(518d1034ac0df7e47951e08922dc64ba) Importer(815301076,1909f56bfc062723c751e8b465ee728b) [PhysX] Initialized MultithreadedTaskDispatcher with 16 workers.
[PhysX] Initialized MultithreadedTaskDispatcher with 16 workers.
[PhysX] Initialized MultithreadedTaskDispatcher with 16 workers.
[PhysX] Initialized MultithreadedTaskDispatcher with 16 workers.
 -> (artifact id: '77ffdd401bbda5b94d68a9f9adf8c7e5') in 0.033359 seconds
Number of updated asset objects reloaded before import = 0
Number of asset objects unloaded after import = 9
========================================================================
Received Import Request.
  Time since last request: 0.000021 seconds.
  path: Assets/Asset/VNB Low Poly Home Set/FBX/Separated/Window Frame 1.fbx
  artifactKey: Guid(e9fdd51b88307954397361cfeb98859e) Importer(815301076,1909f56bfc062723c751e8b465ee728b)
Start importing Assets/Asset/VNB Low Poly Home Set/FBX/Separated/Window Frame 1.fbx using Guid(e9fdd51b88307954397361cfeb98859e) Importer(815301076,1909f56bfc062723c751e8b465ee728b) [PhysX] Initialized MultithreadedTaskDispatcher with 16 workers.
[PhysX] Initialized MultithreadedTaskDispatcher with 16 workers.
[PhysX] Initialized MultithreadedTaskDispatcher with 16 workers.
[PhysX] Initialized MultithreadedTaskDispatcher with 16 workers.
 -> (artifact id: 'eed759036e011aedc53a0f812a0096ca') in 0.028248 seconds
Number of updated asset objects reloaded before import = 0
Number of asset objects unloaded after import = 9
========================================================================
Received Import Request.
  Time since last request: 0.000018 seconds.
  path: Assets/Asset/VNB Low Poly Home Set/FBX/Separated/Window Frame Ac 1.fbx
  artifactKey: Guid(6766c8ec5fbc5934cb53e47d252ceebf) Importer(815301076,1909f56bfc062723c751e8b465ee728b)
Start importing Assets/Asset/VNB Low Poly Home Set/FBX/Separated/Window Frame Ac 1.fbx using Guid(6766c8ec5fbc5934cb53e47d252ceebf) Importer(815301076,1909f56bfc062723c751e8b465ee728b) [PhysX] Initialized MultithreadedTaskDispatcher with 16 workers.
[PhysX] Initialized MultithreadedTaskDispatcher with 16 workers.
[PhysX] Initialized MultithreadedTaskDispatcher with 16 workers.
[PhysX] Initialized MultithreadedTaskDispatcher with 16 workers.
 -> (artifact id: 'd70946294af055e470f05da607a3b79b') in 0.031470 seconds
Number of updated asset objects reloaded before import = 0
Number of asset objects unloaded after import = 9
========================================================================
Received Import Request.
  Time since last request: 0.000037 seconds.
  path: Assets/Asset/VNB Low Poly Home Set/FBX/Separated/Wall Standard Triangle 45deg.fbx
  artifactKey: Guid(10c789f90c1ae204fb1608ad9ca37b5c) Importer(815301076,1909f56bfc062723c751e8b465ee728b)
Start importing Assets/Asset/VNB Low Poly Home Set/FBX/Separated/Wall Standard Triangle 45deg.fbx using Guid(10c789f90c1ae204fb1608ad9ca37b5c) Importer(815301076,1909f56bfc062723c751e8b465ee728b) [PhysX] Initialized MultithreadedTaskDispatcher with 16 workers.
[PhysX] Initialized MultithreadedTaskDispatcher with 16 workers.
[PhysX] Initialized MultithreadedTaskDispatcher with 16 workers.
[PhysX] Initialized MultithreadedTaskDispatcher with 16 workers.
[PhysX] Initialized MultithreadedTaskDispatcher with 16 workers.
 -> (artifact id: '0551ed9477591b60e9fa44a17a50d45c') in 0.035533 seconds
Number of updated asset objects reloaded before import = 0
Number of asset objects unloaded after import = 11
========================================================================
Received Import Request.
  Time since last request: 0.000027 seconds.
  path: Assets/Asset/VNB Low Poly Home Set/FBX/Separated/Window Frame 3 C.fbx
  artifactKey: Guid(0653e9fc010b6e747b5fac22375a1fe8) Importer(815301076,1909f56bfc062723c751e8b465ee728b)
Start importing Assets/Asset/VNB Low Poly Home Set/FBX/Separated/Window Frame 3 C.fbx using Guid(0653e9fc010b6e747b5fac22375a1fe8) Importer(815301076,1909f56bfc062723c751e8b465ee728b) [PhysX] Initialized MultithreadedTaskDispatcher with 16 workers.
[PhysX] Initialized MultithreadedTaskDispatcher with 16 workers.
[PhysX] Initialized MultithreadedTaskDispatcher with 16 workers.
[PhysX] Initialized MultithreadedTaskDispatcher with 16 workers.
 -> (artifact id: 'f62e9de72d2e376366224f206cd3bc25') in 0.024003 seconds
Number of updated asset objects reloaded before import = 0
Number of asset objects unloaded after import = 9
========================================================================
Received Import Request.
  Time since last request: 0.000024 seconds.
  path: Assets/Asset/VNB Low Poly Home Set/FBX/Separated/Wall Standard Window 3.fbx
  artifactKey: Guid(42a9a6d9d20e5fa43b378e64e34234ac) Importer(815301076,1909f56bfc062723c751e8b465ee728b)
Start importing Assets/Asset/VNB Low Poly Home Set/FBX/Separated/Wall Standard Window 3.fbx using Guid(42a9a6d9d20e5fa43b378e64e34234ac) Importer(815301076,1909f56bfc062723c751e8b465ee728b) [PhysX] Initialized MultithreadedTaskDispatcher with 16 workers.
[PhysX] Initialized MultithreadedTaskDispatcher with 16 workers.
[PhysX] Initialized MultithreadedTaskDispatcher with 16 workers.
[PhysX] Initialized MultithreadedTaskDispatcher with 16 workers.
[PhysX] Initialized MultithreadedTaskDispatcher with 16 workers.
 -> (artifact id: '92675e0e3625d85f83da2882608a37ee') in 0.035508 seconds
Number of updated asset objects reloaded before import = 0
Number of asset objects unloaded after import = 11
========================================================================
Received Import Request.
  Time since last request: 0.000026 seconds.
  path: Assets/Asset/VNB Low Poly Home Set/FBX/Separated/Wrench.fbx
  artifactKey: Guid(406fc799a077768429a10afc2981aebd) Importer(815301076,1909f56bfc062723c751e8b465ee728b)
Start importing Assets/Asset/VNB Low Poly Home Set/FBX/Separated/Wrench.fbx using Guid(406fc799a077768429a10afc2981aebd) Importer(815301076,1909f56bfc062723c751e8b465ee728b) [PhysX] Initialized MultithreadedTaskDispatcher with 16 workers.
[PhysX] Initialized MultithreadedTaskDispatcher with 16 workers.
[PhysX] Initialized MultithreadedTaskDispatcher with 16 workers.
[PhysX] Initialized MultithreadedTaskDispatcher with 16 workers.
 -> (artifact id: 'd4fb3851e0871ce8b6a318ed3a6aa8b6') in 0.029249 seconds
Number of updated asset objects reloaded before import = 0
Number of asset objects unloaded after import = 9
========================================================================
Received Import Request.
  Time since last request: 0.000026 seconds.
  path: Assets/Asset/VNB Low Poly Home Set/FBX/Separated/WallShelf Rect-Short.fbx
  artifactKey: Guid(eb86953745035614195fe0d261b88060) Importer(815301076,1909f56bfc062723c751e8b465ee728b)
Start importing Assets/Asset/VNB Low Poly Home Set/FBX/Separated/WallShelf Rect-Short.fbx using Guid(eb86953745035614195fe0d261b88060) Importer(815301076,1909f56bfc062723c751e8b465ee728b) [PhysX] Initialized MultithreadedTaskDispatcher with 16 workers.
[PhysX] Initialized MultithreadedTaskDispatcher with 16 workers.
[PhysX] Initialized MultithreadedTaskDispatcher with 16 workers.
[PhysX] Initialized MultithreadedTaskDispatcher with 16 workers.
 -> (artifact id: '89a237238aec7d02eb5cb80bc9045783') in 0.022352 seconds
Number of updated asset objects reloaded before import = 0
Number of asset objects unloaded after import = 9
